<?xml version="1.0" encoding="UTF-8"?>
<!-- Generated by org.testng.reporters.JUnitReportReporter -->
<testsuite hostname="DESKTOP-PG9LLOL" failures="0" tests="1" name="Day1.HTTPRequests" time="2.704" errors="0" timestamp="2023-03-14T17:57:50 CDT" skipped="0">
  <testcase classname="Day1.HTTPRequests" name="getUser" time="2.704"/>
  <system-out/>
</testsuite> <!-- Day1.HTTPRequests -->
